# JRE version: Java(TM) SE Runtime Environment (8.0_66-b17) (build 1.8.0_66-b17)
# Java VM: Java HotSpot(TM) 64-Bit Server VM (25.66-b17 mixed mode linux-amd64 compressed oops)
Heap:
 PSYoungGen      total 349696K, used 596K [0x00000000e0000000, 0x0000000100000000, 0x0000000100000000)
  eden space 175104K, 0% used [0x00000000e0000000,0x00000000e0000000,0x00000000eab00000)
  from space 174592K, 0% used [0x00000000eab00000,0x00000000eab95288,0x00000000f5580000)
  to   space 174592K, 0% used [0x00000000f5580000,0x00000000f5580000,0x0000000100000000)
 ParOldGen       total 699392K, used 699376K [0x00000000a0000000, 0x00000000cab00000, 0x00000000e0000000)
  object space 699392K, 99% used [0x00000000a0000000,0x00000000caafc278,0x00000000cab00000)
 Metaspace       used 98009K, capacity 98693K, committed 99824K, reserved 1132544K
  class space    used 16351K, capacity 16581K, committed 16880K, reserved 1048576K
GC Heap History (10 events):
Event: 110.062 GC heap after
Heap after GC invocations=53 (full 7):
 PSYoungGen      total 349696K, used 95680K [0x00000000e0000000, 0x0000000100000000, 0x0000000100000000)
  eden space 175104K, 0% used [0x00000000e0000000,0x00000000e0000000,0x00000000eab00000)
  from space 174592K, 54% used [0x00000000f5580000,0x00000000fb2f0000,0x0000000100000000)
  to   space 174592K, 0% used [0x00000000eab00000,0x00000000eab00000,0x00000000f5580000)
 ParOldGen       total 506368K, used 441141K [0x00000000a0000000, 0x00000000bee80000, 0x00000000e0000000)
  object space 506368K, 87% used [0x00000000a0000000,0x00000000baecd788,0x00000000bee80000)
 Metaspace       used 97823K, capacity 98553K, committed 99056K, reserved 1132544K
  class space    used 16509K, capacity 16745K, committed 16880K, reserved 1048576K
}
Event: 111.976 GC heap before
{Heap before GC invocations=54 (full 7):
 PSYoungGen      total 349696K, used 270784K [0x00000000e0000000, 0x0000000100000000, 0x0000000100000000)
  eden space 175104K, 100% used [0x00000000e0000000,0x00000000eab00000,0x00000000eab00000)
  from space 174592K, 54% used [0x00000000f5580000,0x00000000fb2f0000,0x0000000100000000)
  to   space 174592K, 0% used [0x00000000eab00000,0x00000000eab00000,0x00000000f5580000)
 ParOldGen       total 506368K, used 441141K [0x00000000a0000000, 0x00000000bee80000, 0x00000000e0000000)
  object space 506368K, 87% used [0x00000000a0000000,0x00000000baecd788,0x00000000bee80000)
 Metaspace       used 98489K, capacity 99225K, committed 99568K, reserved 1132544K
  class space    used 16530K, capacity 16777K, committed 16880K, reserved 1048576K
Event: 112.204 GC heap after
Heap after GC invocations=54 (full 7):
 PSYoungGen      total 349696K, used 86476K [0x00000000e0000000, 0x0000000100000000, 0x0000000100000000)
  eden space 175104K, 0% used [0x00000000e0000000,0x00000000e0000000,0x00000000eab00000)
  from space 174592K, 49% used [0x00000000eab00000,0x00000000eff73268,0x00000000f5580000)
  to   space 174592K, 0% used [0x00000000f5580000,0x00000000f5580000,0x0000000100000000)
 ParOldGen       total 506368K, used 488701K [0x00000000a0000000, 0x00000000bee80000, 0x00000000e0000000)
  object space 506368K, 96% used [0x00000000a0000000,0x00000000bdd3f788,0x00000000bee80000)
 Metaspace       used 98489K, capacity 99225K, committed 99568K, reserved 1132544K
  class space    used 16530K, capacity 16777K, committed 16880K, reserved 1048576K
}
Event: 112.204 GC heap before
{Heap before GC invocations=55 (full 8):
 PSYoungGen      total 349696K, used 86476K [0x00000000e0000000, 0x0000000100000000, 0x0000000100000000)
  eden space 175104K, 0% used [0x00000000e0000000,0x00000000e0000000,0x00000000eab00000)
  from space 174592K, 49% used [0x00000000eab00000,0x00000000eff73268,0x00000000f5580000)
  to   space 174592K, 0% used [0x00000000f5580000,0x00000000f5580000,0x0000000100000000)
 ParOldGen       total 506368K, used 488701K [0x00000000a0000000, 0x00000000bee80000, 0x00000000e0000000)
  object space 506368K, 96% used [0x00000000a0000000,0x00000000bdd3f788,0x00000000bee80000)
 Metaspace       used 98489K, capacity 99225K, committed 99568K, reserved 1132544K
  class space    used 16530K, capacity 16777K, committed 16880K, reserved 1048576K
Event: 114.953 GC heap after
Heap after GC invocations=55 (full 8):
 PSYoungGen      total 349696K, used 64133K [0x00000000e0000000, 0x0000000100000000, 0x0000000100000000)
  eden space 175104K, 0% used [0x00000000e0000000,0x00000000e0000000,0x00000000eab00000)
  from space 174592K, 36% used [0x00000000eab00000,0x00000000ee9a17e0,0x00000000f5580000)
  to   space 174592K, 0% used [0x00000000f5580000,0x00000000f5580000,0x0000000100000000)
 ParOldGen       total 699392K, used 506332K [0x00000000a0000000, 0x00000000cab00000, 0x00000000e0000000)
  object space 699392K, 72% used [0x00000000a0000000,0x00000000bee77258,0x00000000cab00000)
 Metaspace       used 98489K, capacity 99225K, committed 99568K, reserved 1132544K
  class space    used 16530K, capacity 16777K, committed 16880K, reserved 1048576K
}
Event: 116.054 GC heap before
{Heap before GC invocations=56 (full 8):
 PSYoungGen      total 349696K, used 239237K [0x00000000e0000000, 0x0000000100000000, 0x0000000100000000)
  eden space 175104K, 100% used [0x00000000e0000000,0x00000000eab00000,0x00000000eab00000)
  from space 174592K, 36% used [0x00000000eab00000,0x00000000ee9a17e0,0x00000000f5580000)
  to   space 174592K, 0% used [0x00000000f5580000,0x00000000f5580000,0x0000000100000000)
 ParOldGen       total 699392K, used 506332K [0x00000000a0000000, 0x00000000cab00000, 0x00000000e0000000)
  object space 699392K, 72% used [0x00000000a0000000,0x00000000bee77258,0x00000000cab00000)
 Metaspace       used 98493K, capacity 99225K, committed 99568K, reserved 1132544K
  class space    used 16530K, capacity 16777K, committed 16880K, reserved 1048576K
Event: 116.406 GC heap after
Heap after GC invocations=56 (full 8):
 PSYoungGen      total 349696K, used 91392K [0x00000000e0000000, 0x0000000100000000, 0x0000000100000000)
  eden space 175104K, 0% used [0x00000000e0000000,0x00000000e0000000,0x00000000eab00000)
  from space 174592K, 52% used [0x00000000f5580000,0x00000000faec0000,0x0000000100000000)
  to   space 174592K, 0% used [0x00000000eab00000,0x00000000eab00000,0x00000000f5580000)
 ParOldGen       total 699392K, used 545172K [0x00000000a0000000, 0x00000000cab00000, 0x00000000e0000000)
  object space 699392K, 77% used [0x00000000a0000000,0x00000000c1465258,0x00000000cab00000)
 Metaspace       used 98493K, capacity 99225K, committed 99568K, reserved 1132544K
  class space    used 16530K, capacity 16777K, committed 16880K, reserved 1048576K
}
Event: 117.031 GC heap before
{Heap before GC invocations=57 (full 8):
 PSYoungGen      total 349696K, used 266496K [0x00000000e0000000, 0x0000000100000000, 0x0000000100000000)
  eden space 175104K, 100% used [0x00000000e0000000,0x00000000eab00000,0x00000000eab00000)
  from space 174592K, 52% used [0x00000000f5580000,0x00000000faec0000,0x0000000100000000)
  to   space 174592K, 0% used [0x00000000eab00000,0x00000000eab00000,0x00000000f5580000)
 ParOldGen       total 699392K, used 545172K [0x00000000a0000000, 0x00000000cab00000, 0x00000000e0000000)
  object space 699392K, 77% used [0x00000000a0000000,0x00000000c1465258,0x00000000cab00000)
 Metaspace       used 98534K, capacity 99289K, committed 99824K, reserved 1132544K
  class space    used 16530K, capacity 16777K, committed 16880K, reserved 1048576K
Event: 117.350 GC heap after
Heap after GC invocations=57 (full 8):
 PSYoungGen      total 349696K, used 64160K [0x00000000e0000000, 0x0000000100000000, 0x0000000100000000)
  eden space 175104K, 0% used [0x00000000e0000000,0x00000000e0000000,0x00000000eab00000)
  from space 174592K, 36% used [0x00000000eab00000,0x00000000ee9a8010,0x00000000f5580000)
  to   space 174592K, 0% used [0x00000000f5580000,0x00000000f5580000,0x0000000100000000)
 ParOldGen       total 699392K, used 636762K [0x00000000a0000000, 0x00000000cab00000, 0x00000000e0000000)
  object space 699392K, 91% used [0x00000000a0000000,0x00000000c6dd68e8,0x00000000cab00000)
 Metaspace       used 98534K, capacity 99289K, committed 99824K, reserved 1132544K
  class space    used 16530K, capacity 16777K, committed 16880K, reserved 1048576K
}
Event: 117.350 GC heap before
{Heap before GC invocations=58 (full 9):
 PSYoungGen      total 349696K, used 64160K [0x00000000e0000000, 0x0000000100000000, 0x0000000100000000)
  eden space 175104K, 0% used [0x00000000e0000000,0x00000000e0000000,0x00000000eab00000)
  from space 174592K, 36% used [0x00000000eab00000,0x00000000ee9a8010,0x00000000f5580000)
  to   space 174592K, 0% used [0x00000000f5580000,0x00000000f5580000,0x0000000100000000)
 ParOldGen       total 699392K, used 636762K [0x00000000a0000000, 0x00000000cab00000, 0x00000000e0000000)
  object space 699392K, 91% used [0x00000000a0000000,0x00000000c6dd68e8,0x00000000cab00000)
 Metaspace       used 98534K, capacity 99289K, committed 99824K, reserved 1132544K
  class space    used 16530K, capacity 16777K, committed 16880K, reserved 1048576K

